PRT1
34
76
4 0 4 (1472 128 128 ) (1472 256 128 ) (1472 256 0 ) (1472 128 0 ) 
4 1 2 (1152 416 448 ) (1152 416 128 ) (1472 416 128 ) (1472 416 448 ) 
4 1 3 (1152 416 1 ) (1152 416 0 ) (1472 416 0 ) (1472 416 1 ) 
4 1 5 (1152 960 448 ) (1152 960 0 ) (1152 416 0 ) (1152 416 448 ) 
4 2 4 (1152 352 448 ) (1152 352 128 ) (1472 352 128 ) (1472 352 448 ) 
4 2 5 (1152 352 128 ) (1152 352 448 ) (1152 416 448 ) (1152 416 128 ) 
4 3 5 (1152 416 0 ) (1152 352 0 ) (1152 352 1 ) (1152 416 1 ) 
4 3 4 (1152 352 1 ) (1152 352 0 ) (1472 352 0 ) (1472 352 1 ) 
4 4 5 (1152 352 0 ) (1152 0 0 ) (1152 0 448 ) (1152 352 448 ) 
4 5 8 (1024 0 0 ) (1024 0 128 ) (1024 416 128 ) (1024 416 0 ) 
4 5 7 (1024 416 128 ) (1024 960 128 ) (1024 960 0 ) (1024 416 0 ) 
4 5 6 (1024 0 128 ) (1024 0 448 ) (1024 960 448 ) (1024 960 128 ) 
4 6 10 (768 0 128 ) (448 0 128 ) (448 352 128 ) (768 352 128 ) 
4 6 8 (1024 416 128 ) (1024 0 128 ) (768 0 128 ) (768 416 128 ) 
4 6 7 (1024 960 128 ) (1024 416 128 ) (448 416 128 ) (448 960 128 ) 
4 7 9 (448 416 1 ) (448 416 0 ) (768 416 0 ) (768 416 1 ) 
4 7 8 (768 416 0 ) (1024 416 0 ) (1024 416 128 ) (768 416 128 ) 
4 8 9 (768 416 1 ) (768 416 0 ) (768 352 0 ) (768 352 1 ) 
4 8 10 (768 352 0 ) (768 0 0 ) (768 0 128 ) (768 352 128 ) 
4 9 10 (448 352 1 ) (448 352 0 ) (768 352 0 ) (768 352 1 ) 
4 10 11 (448 256 0 ) (448 128 0 ) (448 128 128 ) (448 256 128 ) 
4 11 23 (0 256 32 ) (0 256 0 ) (0 128 0 ) (0 128 32 ) 
4 11 22 (0 256 48 ) (0 256 32 ) (0 128 32 ) (0 128 48 ) 
4 11 14 (0 128 128 ) (0 256 128 ) (0 256 48 ) (0 128 48 ) 
4 12 15 (-448 576 224 ) (-448 576 448 ) (-448 960 448 ) (-448 960 224 ) 
4 12 14 (-448 576 448 ) (-448 576 224 ) (0 576 224 ) (0 576 448 ) 
4 13 19 (0 952 48 ) (0 928 48 ) (-448 928 48 ) (-448 952 48 ) 
4 13 22 (0 928 48 ) (0 576 48 ) (-448 576 48 ) (-448 928 48 ) 
4 13 16 (-448 960 48 ) (0 960 48 ) (0 952 48 ) (-448 952 48 ) 
4 13 14 (-448 576 192 ) (-448 576 48 ) (0 576 48 ) (0 576 192 ) 
4 13 15 (-448 960 48 ) (-448 576 48 ) (-448 576 192 ) (-448 960 192 ) 
4 14 22 (0 576 48 ) (0 0 48 ) (-448 0 48 ) (-448 576 48 ) 
4 14 15 (-448 576 48 ) (-448 0 48 ) (-448 0 448 ) (-448 576 448 ) 
5 15 27 (-818 892 48 ) (-818 884 48 ) (-818 884 448 ) (-818 896 448 ) (-818 896 52 ) 
4 15 28 (-818 884 48 ) (-818 0 48 ) (-818 0 448 ) (-818 884 448 ) 
4 15 26 (-818 960 448 ) (-818 960 48 ) (-818 896 48 ) (-818 896 448 ) 
4 15 21 (-818 928 48 ) (-818 952 48 ) (-806 952 48 ) (-806 928 48 ) 
4 15 19 (-778 952 48 ) (-448 952 48 ) (-448 928 48 ) (-778 928 48 ) 
4 15 22 (-818 0 48 ) (-818 928 48 ) (-448 928 48 ) (-448 0 48 ) 
4 15 17 (-806 960 48 ) (-778 960 48 ) (-778 956 48 ) (-806 956 48 ) 
4 15 16 (-778 960 48 ) (-448 960 48 ) (-448 952 48 ) (-778 952 48 ) 
4 15 18 (-818 952 48 ) (-818 960 48 ) (-806 960 48 ) (-806 952 48 ) 
4 16 23 (-770 960 32 ) (0 960 32 ) (0 952 32 ) (-770 952 32 ) 
4 16 19 (-778 952 32 ) (0 952 32 ) (0 952 48 ) (-778 952 48 ) 
4 16 17 (-778 960 32 ) (-778 956 32 ) (-778 956 48 ) (-778 960 48 ) 
4 17 18 (-806 960 32 ) (-806 956 32 ) (-806 956 48 ) (-806 960 48 ) 
4 18 26 (-818 960 48 ) (-818 960 32 ) (-818 952 32 ) (-818 952 48 ) 
4 18 25 (-818 952 32 ) (-818 960 32 ) (-814 960 32 ) (-814 952 32 ) 
4 18 21 (-818 952 32 ) (-806 952 32 ) (-806 952 48 ) (-818 952 48 ) 
4 19 23 (-770 952 32 ) (0 952 32 ) (0 928 32 ) (-770 928 32 ) 
4 19 22 (-778 928 32 ) (0 928 32 ) (0 928 48 ) (-778 928 48 ) 
4 20 22 (-802 928 32 ) (-782 928 32 ) (-782 928 44 ) (-802 928 44 ) 
4 21 26 (-818 952 32 ) (-818 928 32 ) (-818 928 48 ) (-818 952 48 ) 
4 21 25 (-818 928 32 ) (-818 952 32 ) (-814 952 32 ) (-814 928 32 ) 
4 21 22 (-818 928 32 ) (-806 928 32 ) (-806 928 48 ) (-818 928 48 ) 
3 22 27 (-818 884 40 ) (-818 884 48 ) (-818 892 48 ) 
4 22 28 (-818 884 32 ) (-818 0 32 ) (-818 0 48 ) (-818 884 48 ) 
4 22 26 (-818 928 32 ) (-818 896 32 ) (-818 896 48 ) (-818 928 48 ) 
4 22 24 (-770 0 32 ) (-814 0 32 ) (-814 896 32 ) (-770 896 32 ) 
4 22 23 (0 0 32 ) (-770 0 32 ) (-770 928 32 ) (0 928 32 ) 
4 22 25 (-814 0 32 ) (-818 0 32 ) (-818 928 32 ) (-814 928 32 ) 
4 23 24 (-770 0 32 ) (-770 896 32 ) (-770 896 0 ) (-770 0 0 ) 
4 24 25 (-814 0 32 ) (-814 896 32 ) (-814 896 0 ) (-814 0 0 ) 
4 25 28 (-818 884 0 ) (-818 0 0 ) (-818 0 32 ) (-818 884 32 ) 
4 25 26 (-818 960 32 ) (-818 960 0 ) (-818 896 0 ) (-818 896 32 ) 
4 26 29 (-828 960 448 ) (-828 960 0 ) (-828 896 0 ) (-828 896 448 ) 
4 26 27 (-818 896 52 ) (-818 896 448 ) (-828 896 448 ) (-828 896 52 ) 
4 27 29 (-828 884 40 ) (-828 884 448 ) (-828 896 448 ) (-828 896 52 ) 
4 27 28 (-818 884 40 ) (-818 884 448 ) (-828 884 448 ) (-828 884 40 ) 
4 28 29 (-828 884 0 ) (-828 0 0 ) (-828 0 448 ) (-828 884 448 ) 
4 29 31 (-872 0 448 ) (-872 56 448 ) (-872 56 29.044500 ) (-872 0 29.044500 ) 
4 29 30 (-872 56 448 ) (-872 960 448 ) (-872 960 0 ) (-872 56 0 ) 
4 30 31 (-976 56 448 ) (-976 56 29.044500 ) (-872 56 29.044500 ) (-872 56 448 ) 
4 30 32 (-976 56 448 ) (-976 960 448 ) (-976 960 0 ) (-976 56 0 ) 
4 31 32 (-976 0 448 ) (-976 56 448 ) (-976 56 29.044500 ) (-976 0 29.044500 ) 
4 32 33 (-1024 256 0 ) (-1024 128 0 ) (-1024 128 128 ) (-1024 256 128 ) 
